something interesting while processing value=[[49 98 97 100 49 54 55 48]]
something interesting while processing value=[[56 53 98 97 100 50 56 49]]
something interesting while processing value=[[57 55 98 97 100 56 52]]
something interesting while processing value=[[56 54 98 97 100 52 57 49]]
something interesting while processing value=[[54 56 98 97 100 53 54]]
something interesting while processing value=[[49 54 98 97 100 50 51 53]]
something interesting while processing value=[[55 54 98 97 100 57 57 57]]
something interesting while processing value=[[50 49 98 97 100 55 51 49]]
something interesting while processing value=[[50 51 98 97 100 50 53 57]]
something interesting while processing value=[[51 53 98 97 100 53 54]]
  --------------
  Testing Report
  --------------
    Executed: 2020-12-02 06:54:05.662534 -0500 EST m=+0.000056901
 Concurrency: 20

  --------
   Errors
  --------
strconv.Atoi: parsing "1bad1670": invalid syntax
strconv.Atoi: parsing "85bad281": invalid syntax
strconv.Atoi: parsing "97bad84": invalid syntax
strconv.Atoi: parsing "86bad491": invalid syntax
strconv.Atoi: parsing "68bad56": invalid syntax
strconv.Atoi: parsing "16bad235": invalid syntax
strconv.Atoi: parsing "76bad999": invalid syntax
strconv.Atoi: parsing "21bad731": invalid syntax
strconv.Atoi: parsing "23bad259": invalid syntax
strconv.Atoi: parsing "35bad56": invalid syntax

  --------
  Results
  --------
  Finished: 2020-12-02 06:54:08.1411902 -0500 EST m=+2.478713201
 Processed: 1000
    Failed: 10
   Elapsed: 2478ms
   Average: 2ms
